<?xml version="1.0" encoding="UTF-8"?>
<!-- Generated by org.testng.reporters.JUnitReportReporter -->
<testsuite hostname="LAPTOP-F06D79C3" failures="0" tests="1" name="Shwetank.AppTest" time="0.595" errors="0" timestamp="2020-08-03T15:25:32 IST" skipped="0">
  <testcase classname="Shwetank.AppTest" name="excel" time="0.595"/>
  <system-out/>
</testsuite> <!-- Shwetank.AppTest -->
