<?xml version="1.0" encoding="UTF-8"?>
<!-- Generated by org.testng.reporters.JUnitReportReporter -->
<testsuite hostname="LAPTOP-F06D79C3" failures="0" tests="1" name="mainTestClass.ProductVersionTest" time="67.496" errors="0" timestamp="2020-08-05T03:31:46 IST" skipped="0">
  <testcase classname="mainTestClass.ProductVersionTest" name="checkRegisterBtn" time="67.496"/>
  <system-out/>
</testsuite> <!-- mainTestClass.ProductVersionTest -->
