<?xml version="1.0" encoding="UTF-8"?>
<!-- Generated by org.testng.reporters.JUnitReportReporter -->
<testsuite hostname="LAPTOP-F06D79C3" failures="0" tests="1" name="Shwetank.NgHomepageTest" time="47.801" errors="0" timestamp="2020-08-03T16:32:35 IST" skipped="0">
  <testcase classname="Shwetank.NgHomepageTest" name="checkRegisterBtn" time="47.801"/>
  <system-out/>
</testsuite> <!-- Shwetank.NgHomepageTest -->
