<?xml version="1.0" encoding="UTF-8"?>
<!-- Generated by org.testng.reporters.JUnitReportReporter -->
<testsuite hostname="LAPTOP-F06D79C3" failures="0" tests="1" name="mainTestClass.RechargeTest" time="86.140" errors="0" timestamp="2020-08-05T00:19:24 IST" skipped="0">
  <testcase classname="mainTestClass.RechargeTest" name="checkRegisterBtn" time="86.140"/>
  <system-out/>
</testsuite> <!-- mainTestClass.RechargeTest -->
