<?xml version="1.0" encoding="UTF-8"?>
<!-- Generated by org.testng.reporters.JUnitReportReporter -->
<testsuite hostname="LAPTOP-F06D79C3" failures="0" tests="1" name="Shwetank.RechargeTest" time="61.894" errors="0" timestamp="2020-08-04T01:06:27 IST" skipped="0">
  <testcase classname="Shwetank.RechargeTest" name="checkRegisterBtn" time="61.894"/>
  <system-out/>
</testsuite> <!-- Shwetank.RechargeTest -->
